# JRE version: Java(TM) SE Runtime Environment (23.0.1+11) (build 23.0.1+11-39)
# Java VM: Java HotSpot(TM) 64-Bit Server VM (23.0.1+11-39, mixed mode, sharing, tiered, compressed oops, compressed class ptrs, g1 gc, windows-amd64)
GC Precious Log:
 CardTable entry size: 512
 Card Set container configuration: InlinePtr #cards 5 size 8 Array Of Cards #cards 10 size 36 Howl #buckets 4 coarsen threshold 1843 Howl Bitmap #cards 512 size 80 coarsen threshold 460 Card regions per heap region 1 cards per card region 2048
 CPUs: 4 total, 4 available
 Memory: 4085M
 Large Page Support: Disabled
 NUMA Support: Disabled
 Compressed Oops: Enabled (32-bit)
 Heap Region Size: 1M
 Heap Min Capacity: 8M
 Heap Initial Capacity: 64M
 Heap Max Capacity: 1022M
 Pre-touch: Disabled
 Parallel Workers: 4
 Concurrent Workers: 1
 Concurrent Refinement Workers: 4
 Periodic GC: Disabled
Heap:
 garbage-first heap   total reserved 1046528K, committed 46080K, used 39168K [0x00000000c0200000, 0x0000000100000000)
  region size 1024K, 14 young (14336K), 1 survivors (1024K)
 Metaspace       used 60519K, committed 61568K, reserved 1114112K
  class space    used 7503K, committed 7936K, reserved 1048576K
GC Heap History (20 events):
Event: 59.627 GC heap before
{Heap before GC invocations=14 (full 0):
 garbage-first heap   total reserved 1046528K, committed 43008K, used 28910K [0x00000000c0200000, 0x0000000100000000)
  region size 1024K, 9 young (9216K), 2 survivors (2048K)
 Metaspace       used 58065K, committed 58752K, reserved 1114112K
  class space    used 7454K, committed 7744K, reserved 1048576K
}
Event: 59.632 GC heap after
{Heap after GC invocations=15 (full 0):
 garbage-first heap   total reserved 1046528K, committed 43008K, used 24870K [0x00000000c0200000, 0x0000000100000000)
  region size 1024K, 2 young (2048K), 2 survivors (2048K)
 Metaspace       used 58065K, committed 58752K, reserved 1114112K
  class space    used 7454K, committed 7744K, reserved 1048576K
}
Event: 111.921 GC heap before
{Heap before GC invocations=16 (full 0):
 garbage-first heap   total reserved 1046528K, committed 45056K, used 37158K [0x00000000c0200000, 0x0000000100000000)
  region size 1024K, 13 young (13312K), 2 survivors (2048K)
 Metaspace       used 58646K, committed 59456K, reserved 1114112K
  class space    used 7471K, committed 7808K, reserved 1048576K
}
Event: 111.927 GC heap after
{Heap after GC invocations=17 (full 0):
 garbage-first heap   total reserved 1046528K, committed 45056K, used 26327K [0x00000000c0200000, 0x0000000100000000)
  region size 1024K, 2 young (2048K), 2 survivors (2048K)
 Metaspace       used 58646K, committed 59456K, reserved 1114112K
  class space    used 7471K, committed 7808K, reserved 1048576K
}
Event: 347.867 GC heap before
{Heap before GC invocations=17 (full 0):
 garbage-first heap   total reserved 1046528K, committed 45056K, used 37591K [0x00000000c0200000, 0x0000000100000000)
  region size 1024K, 13 young (13312K), 2 survivors (2048K)
 Metaspace       used 59147K, committed 59904K, reserved 1114112K
  class space    used 7500K, committed 7808K, reserved 1048576K
}
Event: 347.872 GC heap after
{Heap after GC invocations=18 (full 0):
 garbage-first heap   total reserved 1046528K, committed 45056K, used 26306K [0x00000000c0200000, 0x0000000100000000)
  region size 1024K, 1 young (1024K), 1 survivors (1024K)
 Metaspace       used 59147K, committed 59904K, reserved 1114112K
  class space    used 7500K, committed 7808K, reserved 1048576K
}
Event: 417.151 GC heap before
{Heap before GC invocations=18 (full 0):
 garbage-first heap   total reserved 1046528K, committed 45056K, used 37570K [0x00000000c0200000, 0x0000000100000000)
  region size 1024K, 12 young (12288K), 1 survivors (1024K)
 Metaspace       used 59492K, committed 60224K, reserved 1114112K
  class space    used 7500K, committed 7808K, reserved 1048576K
}
Event: 417.155 GC heap after
{Heap after GC invocations=19 (full 0):
 garbage-first heap   total reserved 1046528K, committed 45056K, used 26605K [0x00000000c0200000, 0x0000000100000000)
  region size 1024K, 1 young (1024K), 1 survivors (1024K)
 Metaspace       used 59492K, committed 60224K, reserved 1114112K
  class space    used 7500K, committed 7808K, reserved 1048576K
}
Event: 419.481 GC heap before
{Heap before GC invocations=20 (full 0):
 garbage-first heap   total reserved 1046528K, committed 46080K, used 38893K [0x00000000c0200000, 0x0000000100000000)
  region size 1024K, 13 young (13312K), 1 survivors (1024K)
 Metaspace       used 59741K, committed 60480K, reserved 1114112K
  class space    used 7504K, committed 7808K, reserved 1048576K
}
Event: 419.484 GC heap after
{Heap after GC invocations=21 (full 0):
 garbage-first heap   total reserved 1046528K, committed 46080K, used 26986K [0x00000000c0200000, 0x0000000100000000)
  region size 1024K, 1 young (1024K), 1 survivors (1024K)
 Metaspace       used 59741K, committed 60480K, reserved 1114112K
  class space    used 7504K, committed 7808K, reserved 1048576K
}
Event: 814.168 GC heap before
{Heap before GC invocations=21 (full 0):
 garbage-first heap   total reserved 1046528K, committed 46080K, used 40298K [0x00000000c0200000, 0x0000000100000000)
  region size 1024K, 14 young (14336K), 1 survivors (1024K)
 Metaspace       used 59907K, committed 60672K, reserved 1114112K
  class space    used 7505K, committed 7872K, reserved 1048576K
}
Event: 814.177 GC heap after
{Heap after GC invocations=22 (full 0):
 garbage-first heap   total reserved 1046528K, committed 46080K, used 27034K [0x00000000c0200000, 0x0000000100000000)
  region size 1024K, 2 young (2048K), 2 survivors (2048K)
 Metaspace       used 59907K, committed 60672K, reserved 1114112K
  class space    used 7505K, committed 7872K, reserved 1048576K
}
Event: 892.414 GC heap before
{Heap before GC invocations=22 (full 0):
 garbage-first heap   total reserved 1046528K, committed 46080K, used 39322K [0x00000000c0200000, 0x0000000100000000)
  region size 1024K, 14 young (14336K), 2 survivors (2048K)
 Metaspace       used 60088K, committed 60928K, reserved 1114112K
  class space    used 7506K, committed 7872K, reserved 1048576K
}
Event: 892.418 GC heap after
{Heap after GC invocations=23 (full 0):
 garbage-first heap   total reserved 1046528K, committed 46080K, used 27128K [0x00000000c0200000, 0x0000000100000000)
  region size 1024K, 1 young (1024K), 1 survivors (1024K)
 Metaspace       used 60088K, committed 60928K, reserved 1114112K
  class space    used 7506K, committed 7872K, reserved 1048576K
}
Event: 1382.750 GC heap before
{Heap before GC invocations=24 (full 0):
 garbage-first heap   total reserved 1046528K, committed 46080K, used 40440K [0x00000000c0200000, 0x0000000100000000)
  region size 1024K, 14 young (14336K), 1 survivors (1024K)
 Metaspace       used 60247K, committed 61056K, reserved 1114112K
  class space    used 7506K, committed 7872K, reserved 1048576K
}
Event: 1382.754 GC heap after
{Heap after GC invocations=25 (full 0):
 garbage-first heap   total reserved 1046528K, committed 46080K, used 26977K [0x00000000c0200000, 0x0000000100000000)
  region size 1024K, 1 young (1024K), 1 survivors (1024K)
 Metaspace       used 60247K, committed 61056K, reserved 1114112K
  class space    used 7506K, committed 7872K, reserved 1048576K
}
Event: 1418.705 GC heap before
{Heap before GC invocations=25 (full 0):
 garbage-first heap   total reserved 1046528K, committed 46080K, used 41313K [0x00000000c0200000, 0x0000000100000000)
  region size 1024K, 15 young (15360K), 1 survivors (1024K)
 Metaspace       used 60640K, committed 61440K, reserved 1114112K
  class space    used 7572K, committed 7936K, reserved 1048576K
}
Event: 1418.711 GC heap after
{Heap after GC invocations=26 (full 0):
 garbage-first heap   total reserved 1046528K, committed 46080K, used 27038K [0x00000000c0200000, 0x0000000100000000)
  region size 1024K, 1 young (1024K), 1 survivors (1024K)
 Metaspace       used 60640K, committed 61440K, reserved 1114112K
  class space    used 7572K, committed 7936K, reserved 1048576K
}
Event: 10248.922 GC heap before
{Heap before GC invocations=26 (full 0):
 garbage-first heap   total reserved 1046528K, committed 46080K, used 41374K [0x00000000c0200000, 0x0000000100000000)
  region size 1024K, 15 young (15360K), 1 survivors (1024K)
 Metaspace       used 60716K, committed 61504K, reserved 1114112K
  class space    used 7575K, committed 7936K, reserved 1048576K
}
Event: 10248.983 GC heap after
{Heap after GC invocations=27 (full 0):
 garbage-first heap   total reserved 1046528K, committed 46080K, used 26880K [0x00000000c0200000, 0x0000000100000000)
  region size 1024K, 1 young (1024K), 1 survivors (1024K)
 Metaspace       used 60716K, committed 61504K, reserved 1114112K
  class space    used 7575K, committed 7936K, reserved 1048576K
}

